Arguments: 
  C:\Program Files\nodejs\node.exe C:\Program Files\nodejs\node_modules\yarn\bin\yarn.js publish

PATH: 
  C:\Program Files\Git\mingw64\bin;C:\Program Files\Git\usr\bin;C:\Users\Administrator\bin;C:\Program Files\Git\mingw64\bin;C:\Program Files\Git\usr\bin;C:\Users\Administrator\bin;C:\Python39\Scripts;C:\Python39;C:\Python27;C:\Python27\Scripts;C:\Windows\system32;C:\Windows;C:\Windows\System32\Wbem;C:\Windows\System32\WindowsPowerShell\v1.0;C:\Windows\System32\OpenSSH;C:\Program Files (x86)\NVIDIA Corporation\PhysX\Common;C:\Program Files\dotnet;C:\Program Files\Microsoft SQL Server\130\Tools\Binn;C:\Program Files\Microsoft SQL Server\Client SDK\ODBC\170\Tools\Binn;C:\ProgramData\chocolatey\bin;C:\Program Files (x86)\IncrediBuild;C:\Program Files\Git\cmd;C:\ProgramData\nvm;C:\Program Files\nodejs;C:\Program Files (x86)\Brackets\command;C:\Program Files\TortoiseSVN\bin;C:\Program Files\Zulu\zulu-12\bin;C:\Users\Administrator\AppData\Local\Microsoft\WindowsApps;C:\Users\Administrator\.dotnet\tools;C:\Users\Administrator\AppData\Local\Programs\Microsoft VS Code\bin

Yarn version: 
  1.22.10

Node version: 
  14.14.0

Platform: 
  win32 x64

Trace: 
  Error: canceled
      at Interface.<anonymous> (C:\ProgramData\nvm\v14.14.0\node_modules\yarn\lib\cli.js:136216:13)
      at Interface.emit (events.js:315:20)
      at Interface._ttyWrite (readline.js:875:16)
      at ReadStream.onkeypress (readline.js:213:10)
      at ReadStream.emit (events.js:315:20)
      at emitKeys (internal/readline/utils.js:345:14)
      at emitKeys.next (<anonymous>)
      at ReadStream.onData (readline.js:1144:36)
      at ReadStream.emit (events.js:315:20)
      at addChunk (_stream_readable.js:309:12)

npm manifest: 
  {
    "name": "ts-metacode",
    "version": "1.2.1-maintain1",
    "description": "typescript的元编程工具包",
    "main": "index.js",
    "repository": "https://github.com/gmono/ts-metacode.git",
    "author": "gmono",
    "license": "MIT",
    "keywords": [
      "typescript",
      "metacoding",
      "types",
      "generic",
      "meta",
      "template",
      "api",
      "typemapping",
      "string",
      "math",
      "array",
      "object",
      "logic",
      "元编程",
      "模板元编程",
      "泛型编程"
    ],
    "dependencies": {
      "typescript-tuple": "^4.0.0"
    }
  }

yarn manifest: 
  No manifest

Lockfile: 
  # THIS IS AN AUTOGENERATED FILE. DO NOT EDIT THIS FILE DIRECTLY.
  # yarn lockfile v1
  
  
  typescript-compare@^0.0.2:
    version "0.0.2"
    resolved "https://registry.npmjs.org/typescript-compare/-/typescript-compare-0.0.2.tgz#7ee40a400a406c2ea0a7e551efd3309021d5f425"
    dependencies:
      typescript-logic "^0.0.0"
  
  typescript-logic@^0.0.0:
    version "0.0.0"
    resolved "https://registry.npmjs.org/typescript-logic/-/typescript-logic-0.0.0.tgz#66ebd82a2548f2b444a43667bec120b496890196"
  
  typescript-tuple@^4.0.0:
    version "4.0.0"
    resolved "https://registry.npmjs.org/typescript-tuple/-/typescript-tuple-4.0.0.tgz#0cff7607698154793a67c72c0552ee7c11a733c8"
    dependencies:
      typescript-compare "^0.0.2"
